Analysis & Synthesis report for Rx_Lane
Sat May 25 19:03:59 2024
Quartus Prime Version 18.0.0 Build 614 04/24/2018 SJ Lite Edition


---------------------
; Table of Contents ;
---------------------
  1. Legal Notice
  2. Analysis & Synthesis Summary
  3. Analysis & Synthesis Settings
  4. Parallel Compilation
  5. Analysis & Synthesis Source Files Read
  6. Analysis & Synthesis Resource Usage Summary
  7. Analysis & Synthesis Resource Utilization by Entity
  8. General Register Statistics
  9. Inverted Register Statistics
 10. Multiplexer Restructuring Statistics (Restructuring Performed)
 11. Parameter Settings for User Entity Instance: decode_10_to_8:u2
 12. Parameter Settings for User Entity Instance: descrambler:u3
 13. Post-Synthesis Netlist Statistics for Top Partition
 14. Elapsed Time Per Partition
 15. Analysis & Synthesis Messages
 16. Analysis & Synthesis Suppressed Messages



----------------
; Legal Notice ;
----------------
Copyright (C) 2018  Intel Corporation. All rights reserved.
Your use of Intel Corporation's design tools, logic functions 
and other software and tools, and its AMPP partner logic 
functions, and any output files from any of the foregoing 
(including device programming or simulation files), and any 
associated documentation or information are expressly subject 
to the terms and conditions of the Intel Program License 
Subscription Agreement, the Intel Quartus Prime License Agreement,
the Intel FPGA IP License Agreement, or other applicable license
agreement, including, without limitation, that your use is for
the sole purpose of programming logic devices manufactured by
Intel and sold by Intel or its authorized distributors.  Please
refer to the applicable agreement for further details.



+-------------------------------------------------------------------------------+
; Analysis & Synthesis Summary                                                  ;
+---------------------------------+---------------------------------------------+
; Analysis & Synthesis Status     ; Successful - Sat May 25 19:03:59 2024       ;
; Quartus Prime Version           ; 18.0.0 Build 614 04/24/2018 SJ Lite Edition ;
; Revision Name                   ; Rx_Lane                                     ;
; Top-level Entity Name           ; Rx_Lane                                     ;
; Family                          ; Cyclone V                                   ;
; Logic utilization (in ALMs)     ; N/A                                         ;
; Total registers                 ; 47                                          ;
; Total pins                      ; 18                                          ;
; Total virtual pins              ; 0                                           ;
; Total block memory bits         ; 0                                           ;
; Total DSP Blocks                ; 0                                           ;
; Total HSSI RX PCSs              ; 0                                           ;
; Total HSSI PMA RX Deserializers ; 0                                           ;
; Total HSSI TX PCSs              ; 0                                           ;
; Total HSSI PMA TX Serializers   ; 0                                           ;
; Total PLLs                      ; 0                                           ;
; Total DLLs                      ; 0                                           ;
+---------------------------------+---------------------------------------------+


+---------------------------------------------------------------------------------------------------------------------------+
; Analysis & Synthesis Settings                                                                                             ;
+---------------------------------------------------------------------------------+--------------------+--------------------+
; Option                                                                          ; Setting            ; Default Value      ;
+---------------------------------------------------------------------------------+--------------------+--------------------+
; Device                                                                          ; 5CGXFC7C7F23C8     ;                    ;
; Top-level entity name                                                           ; Rx_Lane            ; Rx_Lane            ;
; Family name                                                                     ; Cyclone V          ; Cyclone V          ;
; Use smart compilation                                                           ; Off                ; Off                ;
; Enable parallel Assembler and Timing Analyzer during compilation                ; On                 ; On                 ;
; Enable compact report table                                                     ; Off                ; Off                ;
; Restructure Multiplexers                                                        ; Auto               ; Auto               ;
; MLAB Add Timing Constraints For Mixed-Port Feed-Through Mode Setting Don't Care ; Off                ; Off                ;
; Create Debugging Nodes for IP Cores                                             ; Off                ; Off                ;
; Preserve fewer node names                                                       ; On                 ; On                 ;
; Intel FPGA IP Evaluation Mode                                                   ; Enable             ; Enable             ;
; Verilog Version                                                                 ; Verilog_2001       ; Verilog_2001       ;
; VHDL Version                                                                    ; VHDL_1993          ; VHDL_1993          ;
; State Machine Processing                                                        ; Auto               ; Auto               ;
; Safe State Machine                                                              ; Off                ; Off                ;
; Extract Verilog State Machines                                                  ; On                 ; On                 ;
; Extract VHDL State Machines                                                     ; On                 ; On                 ;
; Ignore Verilog initial constructs                                               ; Off                ; Off                ;
; Iteration limit for constant Verilog loops                                      ; 5000               ; 5000               ;
; Iteration limit for non-constant Verilog loops                                  ; 250                ; 250                ;
; Add Pass-Through Logic to Inferred RAMs                                         ; On                 ; On                 ;
; Infer RAMs from Raw Logic                                                       ; On                 ; On                 ;
; Parallel Synthesis                                                              ; On                 ; On                 ;
; DSP Block Balancing                                                             ; Auto               ; Auto               ;
; NOT Gate Push-Back                                                              ; On                 ; On                 ;
; Power-Up Don't Care                                                             ; On                 ; On                 ;
; Remove Redundant Logic Cells                                                    ; Off                ; Off                ;
; Remove Duplicate Registers                                                      ; On                 ; On                 ;
; Ignore CARRY Buffers                                                            ; Off                ; Off                ;
; Ignore CASCADE Buffers                                                          ; Off                ; Off                ;
; Ignore GLOBAL Buffers                                                           ; Off                ; Off                ;
; Ignore ROW GLOBAL Buffers                                                       ; Off                ; Off                ;
; Ignore LCELL Buffers                                                            ; Off                ; Off                ;
; Ignore SOFT Buffers                                                             ; On                 ; On                 ;
; Limit AHDL Integers to 32 Bits                                                  ; Off                ; Off                ;
; Optimization Technique                                                          ; Balanced           ; Balanced           ;
; Carry Chain Length                                                              ; 70                 ; 70                 ;
; Auto Carry Chains                                                               ; On                 ; On                 ;
; Auto Open-Drain Pins                                                            ; On                 ; On                 ;
; Perform WYSIWYG Primitive Resynthesis                                           ; Off                ; Off                ;
; Auto ROM Replacement                                                            ; On                 ; On                 ;
; Auto RAM Replacement                                                            ; On                 ; On                 ;
; Auto DSP Block Replacement                                                      ; On                 ; On                 ;
; Auto Shift Register Replacement                                                 ; Auto               ; Auto               ;
; Allow Shift Register Merging across Hierarchies                                 ; Auto               ; Auto               ;
; Auto Clock Enable Replacement                                                   ; On                 ; On                 ;
; Strict RAM Replacement                                                          ; Off                ; Off                ;
; Allow Synchronous Control Signals                                               ; On                 ; On                 ;
; Force Use of Synchronous Clear Signals                                          ; Off                ; Off                ;
; Auto Resource Sharing                                                           ; Off                ; Off                ;
; Allow Any RAM Size For Recognition                                              ; Off                ; Off                ;
; Allow Any ROM Size For Recognition                                              ; Off                ; Off                ;
; Allow Any Shift Register Size For Recognition                                   ; Off                ; Off                ;
; Use LogicLock Constraints during Resource Balancing                             ; On                 ; On                 ;
; Ignore translate_off and synthesis_off directives                               ; Off                ; Off                ;
; Timing-Driven Synthesis                                                         ; On                 ; On                 ;
; Report Parameter Settings                                                       ; On                 ; On                 ;
; Report Source Assignments                                                       ; On                 ; On                 ;
; Report Connectivity Checks                                                      ; On                 ; On                 ;
; Ignore Maximum Fan-Out Assignments                                              ; Off                ; Off                ;
; Synchronization Register Chain Length                                           ; 3                  ; 3                  ;
; Power Optimization During Synthesis                                             ; Normal compilation ; Normal compilation ;
; HDL message level                                                               ; Level2             ; Level2             ;
; Suppress Register Optimization Related Messages                                 ; Off                ; Off                ;
; Number of Removed Registers Reported in Synthesis Report                        ; 5000               ; 5000               ;
; Number of Swept Nodes Reported in Synthesis Report                              ; 5000               ; 5000               ;
; Number of Inverted Registers Reported in Synthesis Report                       ; 100                ; 100                ;
; Clock MUX Protection                                                            ; On                 ; On                 ;
; Auto Gated Clock Conversion                                                     ; Off                ; Off                ;
; Block Design Naming                                                             ; Auto               ; Auto               ;
; SDC constraint protection                                                       ; Off                ; Off                ;
; Synthesis Effort                                                                ; Auto               ; Auto               ;
; Shift Register Replacement - Allow Asynchronous Clear Signal                    ; On                 ; On                 ;
; Pre-Mapping Resynthesis Optimization                                            ; Off                ; Off                ;
; Analysis & Synthesis Message Level                                              ; Medium             ; Medium             ;
; Disable Register Merging Across Hierarchies                                     ; Auto               ; Auto               ;
; Resource Aware Inference For Block RAM                                          ; On                 ; On                 ;
; Automatic Parallel Synthesis                                                    ; On                 ; On                 ;
; Partial Reconfiguration Bitstream ID                                            ; Off                ; Off                ;
+---------------------------------------------------------------------------------+--------------------+--------------------+


+------------------------------------------+
; Parallel Compilation                     ;
+----------------------------+-------------+
; Processors                 ; Number      ;
+----------------------------+-------------+
; Number detected on machine ; 4           ;
; Maximum allowed            ; 2           ;
;                            ;             ;
; Average used               ; 1.00        ;
; Maximum used               ; 2           ;
;                            ;             ;
; Usage by Processor         ; % Time Used ;
;     Processor 1            ; 100.0%      ;
;     Processor 2            ;   0.0%      ;
+----------------------------+-------------+


+------------------------------------------------------------------------------------------------------------------------------------------------------------------------------------------------+
; Analysis & Synthesis Source Files Read                                                                                                                                                         ;
+----------------------------------+-----------------+------------------------+--------------------------------------------------------------------------------------------------------+---------+
; File Name with User-Entered Path ; Used in Netlist ; File Type              ; File Name with Absolute Path                                                                           ; Library ;
+----------------------------------+-----------------+------------------------+--------------------------------------------------------------------------------------------------------+---------+
; Rx_Lane.v                        ; yes             ; User Verilog HDL File  ; G:/pratik/Pratik IMP documents/COEP/College/VLSI/PCIe/PCIe PHY/Frame Receiver/Rx_Lane/Rx_Lane.v        ;         ;
; deserialiser.v                   ; yes             ; User Verilog HDL File  ; G:/pratik/Pratik IMP documents/COEP/College/VLSI/PCIe/PCIe PHY/Frame Receiver/Rx_Lane/deserialiser.v   ;         ;
; descrambler.v                    ; yes             ; User Verilog HDL File  ; G:/pratik/Pratik IMP documents/COEP/College/VLSI/PCIe/PCIe PHY/Frame Receiver/Rx_Lane/descrambler.v    ;         ;
; decode_10_to_8.v                 ; yes             ; User Verilog HDL File  ; G:/pratik/Pratik IMP documents/COEP/College/VLSI/PCIe/PCIe PHY/Frame Receiver/Rx_Lane/decode_10_to_8.v ;         ;
+----------------------------------+-----------------+------------------------+--------------------------------------------------------------------------------------------------------+---------+


+---------------------------------------------------------+
; Analysis & Synthesis Resource Usage Summary             ;
+---------------------------------------------+-----------+
; Resource                                    ; Usage     ;
+---------------------------------------------+-----------+
; Estimate of Logic utilization (ALMs needed) ; 64        ;
;                                             ;           ;
; Combinational ALUT usage for logic          ; 88        ;
;     -- 7 input functions                    ; 0         ;
;     -- 6 input functions                    ; 40        ;
;     -- 5 input functions                    ; 5         ;
;     -- 4 input functions                    ; 22        ;
;     -- <=3 input functions                  ; 21        ;
;                                             ;           ;
; Dedicated logic registers                   ; 47        ;
;                                             ;           ;
; I/O pins                                    ; 18        ;
;                                             ;           ;
; Total DSP Blocks                            ; 0         ;
;                                             ;           ;
; Maximum fan-out node                        ; rst~input ;
; Maximum fan-out                             ; 47        ;
; Total fan-out                               ; 622       ;
; Average fan-out                             ; 3.64      ;
+---------------------------------------------+-----------+


+--------------------------------------------------------------------------------------------------------------------------------------------------------------------------------------------------+
; Analysis & Synthesis Resource Utilization by Entity                                                                                                                                              ;
+----------------------------+---------------------+---------------------------+-------------------+------------+------+--------------+----------------------------+----------------+--------------+
; Compilation Hierarchy Node ; Combinational ALUTs ; Dedicated Logic Registers ; Block Memory Bits ; DSP Blocks ; Pins ; Virtual Pins ; Full Hierarchy Name        ; Entity Name    ; Library Name ;
+----------------------------+---------------------+---------------------------+-------------------+------------+------+--------------+----------------------------+----------------+--------------+
; |Rx_Lane                   ; 88 (0)              ; 47 (0)                    ; 0                 ; 0          ; 18   ; 0            ; |Rx_Lane                   ; Rx_Lane        ; work         ;
;    |decode_10_to_8:u2|     ; 32 (32)             ; 9 (9)                     ; 0                 ; 0          ; 0    ; 0            ; |Rx_Lane|decode_10_to_8:u2 ; decode_10_to_8 ; work         ;
;    |descrambler:u3|        ; 37 (37)             ; 24 (24)                   ; 0                 ; 0          ; 0    ; 0            ; |Rx_Lane|descrambler:u3    ; descrambler    ; work         ;
;    |deserialiser:u1|       ; 19 (19)             ; 14 (14)                   ; 0                 ; 0          ; 0    ; 0            ; |Rx_Lane|deserialiser:u1   ; deserialiser   ; work         ;
+----------------------------+---------------------+---------------------------+-------------------+------------+------+--------------+----------------------------+----------------+--------------+
Note: For table entries with two numbers listed, the numbers in parentheses indicate the number of resources of the given type used by the specific entity alone. The numbers listed outside of parentheses indicate the total resources of the given type used by the specific entity and all of its sub-entities in the hierarchy.


+------------------------------------------------------+
; General Register Statistics                          ;
+----------------------------------------------+-------+
; Statistic                                    ; Value ;
+----------------------------------------------+-------+
; Total registers                              ; 47    ;
; Number of registers using Synchronous Clear  ; 0     ;
; Number of registers using Synchronous Load   ; 8     ;
; Number of registers using Asynchronous Clear ; 47    ;
; Number of registers using Asynchronous Load  ; 0     ;
; Number of registers using Clock Enable       ; 37    ;
; Number of registers using Preset             ; 0     ;
+----------------------------------------------+-------+


+---------------------------------------------------+
; Inverted Register Statistics                      ;
+-----------------------------------------+---------+
; Inverted Register                       ; Fan out ;
+-----------------------------------------+---------+
; descrambler:u3|lfsr_current[15]         ; 5       ;
; descrambler:u3|lfsr_current[14]         ; 5       ;
; descrambler:u3|lfsr_current[13]         ; 5       ;
; descrambler:u3|lfsr_current[12]         ; 5       ;
; descrambler:u3|lfsr_current[11]         ; 5       ;
; descrambler:u3|lfsr_current[10]         ; 5       ;
; descrambler:u3|lfsr_current[9]          ; 5       ;
; descrambler:u3|lfsr_current[8]          ; 5       ;
; descrambler:u3|lfsr_current[7]          ; 1       ;
; descrambler:u3|lfsr_current[6]          ; 1       ;
; descrambler:u3|lfsr_current[5]          ; 1       ;
; descrambler:u3|lfsr_current[4]          ; 1       ;
; descrambler:u3|lfsr_current[3]          ; 1       ;
; descrambler:u3|lfsr_current[2]          ; 1       ;
; descrambler:u3|lfsr_current[1]          ; 1       ;
; descrambler:u3|lfsr_current[0]          ; 1       ;
; Total number of inverted registers = 16 ;         ;
+-----------------------------------------+---------+


+--------------------------------------------------------------------------------------------------------------------------------------------------------+
; Multiplexer Restructuring Statistics (Restructuring Performed)                                                                                         ;
+--------------------+-----------+---------------+----------------------+------------------------+------------+------------------------------------------+
; Multiplexer Inputs ; Bus Width ; Baseline Area ; Area if Restructured ; Saving if Restructured ; Registered ; Example Multiplexer Output               ;
+--------------------+-----------+---------------+----------------------+------------------------+------------+------------------------------------------+
; 3:1                ; 16 bits   ; 32 LEs        ; 16 LEs               ; 16 LEs                 ; Yes        ; |Rx_Lane|descrambler:u3|lfsr_current[12] ;
+--------------------+-----------+---------------+----------------------+------------------------+------------+------------------------------------------+


+----------------------------------------------------------------+
; Parameter Settings for User Entity Instance: decode_10_to_8:u2 ;
+----------------+----------+------------------------------------+
; Parameter Name ; Value    ; Type                               ;
+----------------+----------+------------------------------------+
; K28_0          ; 00011100 ; Unsigned Binary                    ;
; K28_1          ; 00111100 ; Unsigned Binary                    ;
; K28_2          ; 01011100 ; Unsigned Binary                    ;
; K28_3          ; 01111100 ; Unsigned Binary                    ;
; K28_4          ; 10011100 ; Unsigned Binary                    ;
; K28_5          ; 10111100 ; Unsigned Binary                    ;
; K28_6          ; 11011100 ; Unsigned Binary                    ;
; K28_7          ; 11111100 ; Unsigned Binary                    ;
; K23_7          ; 11110111 ; Unsigned Binary                    ;
; K27_7          ; 11111011 ; Unsigned Binary                    ;
; K29_7          ; 11111101 ; Unsigned Binary                    ;
; K30_7          ; 11111110 ; Unsigned Binary                    ;
+----------------+----------+------------------------------------+
Note: In order to hide this table in the UI and the text report file, please set the "Show Parameter Settings in Synthesis Report" option in "Analysis and Synthesis Settings -> More Settings" to "Off".


+-------------------------------------------------------------+
; Parameter Settings for User Entity Instance: descrambler:u3 ;
+----------------+----------+---------------------------------+
; Parameter Name ; Value    ; Type                            ;
+----------------+----------+---------------------------------+
; SKP            ; 00011100 ; Unsigned Binary                 ;
; COM            ; 10111100 ; Unsigned Binary                 ;
+----------------+----------+---------------------------------+
Note: In order to hide this table in the UI and the text report file, please set the "Show Parameter Settings in Synthesis Report" option in "Analysis and Synthesis Settings -> More Settings" to "Off".


+-----------------------------------------------------+
; Post-Synthesis Netlist Statistics for Top Partition ;
+-----------------------+-----------------------------+
; Type                  ; Count                       ;
+-----------------------+-----------------------------+
; arriav_ff             ; 47                          ;
;     CLR               ; 10                          ;
;     ENA CLR           ; 29                          ;
;     ENA CLR SLD       ; 8                           ;
; arriav_lcell_comb     ; 88                          ;
;     normal            ; 88                          ;
;         1 data inputs ; 1                           ;
;         2 data inputs ; 14                          ;
;         3 data inputs ; 6                           ;
;         4 data inputs ; 22                          ;
;         5 data inputs ; 5                           ;
;         6 data inputs ; 40                          ;
; boundary_port         ; 18                          ;
;                       ;                             ;
; Max LUT depth         ; 3.00                        ;
; Average LUT depth     ; 1.90                        ;
+-----------------------+-----------------------------+


+-------------------------------+
; Elapsed Time Per Partition    ;
+----------------+--------------+
; Partition Name ; Elapsed Time ;
+----------------+--------------+
; Top            ; 00:00:01     ;
+----------------+--------------+


+-------------------------------+
; Analysis & Synthesis Messages ;
+-------------------------------+
Info: *******************************************************************
Info: Running Quartus Prime Analysis & Synthesis
    Info: Version 18.0.0 Build 614 04/24/2018 SJ Lite Edition
    Info: Processing started: Sat May 25 19:03:38 2024
Info: Command: quartus_map --read_settings_files=on --write_settings_files=off Rx_Lane -c Rx_Lane
Warning (18236): Number of processors has not been specified which may cause overloading on shared machines.  Set the global assignment NUM_PARALLEL_PROCESSORS in your QSF to an appropriate value for best performance.
Info (20030): Parallel compilation is enabled and will use 2 of the 2 processors detected
Info (12021): Found 1 design units, including 1 entities, in source file rx_lane.v
    Info (12023): Found entity 1: Rx_Lane File: G:/pratik/Pratik IMP documents/COEP/College/VLSI/PCIe/PCIe PHY/Frame Receiver/Rx_Lane/Rx_Lane.v Line: 1
Info (12021): Found 1 design units, including 1 entities, in source file deserialiser.v
    Info (12023): Found entity 1: deserialiser File: G:/pratik/Pratik IMP documents/COEP/College/VLSI/PCIe/PCIe PHY/Frame Receiver/Rx_Lane/deserialiser.v Line: 1
Info (12021): Found 1 design units, including 1 entities, in source file descrambler.v
    Info (12023): Found entity 1: descrambler File: G:/pratik/Pratik IMP documents/COEP/College/VLSI/PCIe/PCIe PHY/Frame Receiver/Rx_Lane/descrambler.v Line: 15
Info (12021): Found 1 design units, including 1 entities, in source file decode_10_to_8.v
    Info (12023): Found entity 1: decode_10_to_8 File: G:/pratik/Pratik IMP documents/COEP/College/VLSI/PCIe/PCIe PHY/Frame Receiver/Rx_Lane/decode_10_to_8.v Line: 22
Info (12127): Elaborating entity "Rx_Lane" for the top level hierarchy
Info (12128): Elaborating entity "deserialiser" for hierarchy "deserialiser:u1" File: G:/pratik/Pratik IMP documents/COEP/College/VLSI/PCIe/PCIe PHY/Frame Receiver/Rx_Lane/Rx_Lane.v Line: 12
Info (12128): Elaborating entity "decode_10_to_8" for hierarchy "decode_10_to_8:u2" File: G:/pratik/Pratik IMP documents/COEP/College/VLSI/PCIe/PCIe PHY/Frame Receiver/Rx_Lane/Rx_Lane.v Line: 13
Info (12128): Elaborating entity "descrambler" for hierarchy "descrambler:u3" File: G:/pratik/Pratik IMP documents/COEP/College/VLSI/PCIe/PCIe PHY/Frame Receiver/Rx_Lane/Rx_Lane.v Line: 14
Info (276014): Found 1 instances of uninferred RAM logic
    Info (276004): RAM logic "decode_10_to_8:u2|Ram0" is uninferred due to inappropriate RAM size File: G:/pratik/Pratik IMP documents/COEP/College/VLSI/PCIe/PCIe PHY/Frame Receiver/Rx_Lane/decode_10_to_8.v Line: 185
Info (286030): Timing-Driven Synthesis is running
Info (144001): Generated suppressed messages file G:/pratik/Pratik IMP documents/COEP/College/VLSI/PCIe/PCIe PHY/Frame Receiver/Rx_Lane/output_files/Rx_Lane.map.smsg
Info (16010): Generating hard_block partition "hard_block:auto_generated_inst"
    Info (16011): Adding 0 node(s), including 0 DDIO, 0 PLL, 0 transceiver and 0 LCELL
Info (21057): Implemented 106 device resources after synthesis - the final resource count might be different
    Info (21058): Implemented 8 input pins
    Info (21059): Implemented 10 output pins
    Info (21061): Implemented 88 logic cells
Info: Quartus Prime Analysis & Synthesis was successful. 0 errors, 1 warning
    Info: Peak virtual memory: 4811 megabytes
    Info: Processing ended: Sat May 25 19:03:59 2024
    Info: Elapsed time: 00:00:21
    Info: Total CPU time (on all processors): 00:00:34


+------------------------------------------+
; Analysis & Synthesis Suppressed Messages ;
+------------------------------------------+
The suppressed messages can be found in G:/pratik/Pratik IMP documents/COEP/College/VLSI/PCIe/PCIe PHY/Frame Receiver/Rx_Lane/output_files/Rx_Lane.map.smsg.


